============================= test session starts ==============================
platform darwin -- Python 3.11.10, pytest-8.3.4, pluggy-1.5.0 -- /opt/miniconda3/envs/PyQt/bin/python
cachedir: .pytest_cache
PyQt6 6.4.2 -- Qt runtime 6.4.3 -- Qt compiled 6.4.2
benchmark: 5.1.0 (defaults: timer=time.perf_counter disable_gc=False min_rounds=5 min_time=0.000005 max_time=1.0 calibration_precision=10 warmup=False warmup_iterations=100000)
rootdir: /Users/lpcw/Documents/PyQt/PyExcelApp
configfile: pytest.ini
testpaths: tests
plugins: qt-4.4.0, cov-6.0.0, benchmark-5.1.0, anyio-4.6.2, xdist-3.6.1, asyncio-0.25.1
asyncio: mode=Mode.STRICT, asyncio_default_fixture_loop_scope=None
collecting ... collected 104 items

tests/integration/test_functional_integration.py::TestFunctionalIntegration::test_excel_processing_workflow FAILED [  0%]
tests/integration/test_functional_integration.py::TestFunctionalIntegration::test_plugin_integration ERROR [  1%]
tests/integration/test_functional_integration.py::TestFunctionalIntegration::test_monitoring_integration ERROR [  2%]
tests/integration/test_monitoring_integration.py::TestMonitoringIntegrationLevel1::test_basic_health_check ERROR [  3%]
tests/integration/test_monitoring_integration.py::TestMonitoringIntegrationLevel2::test_monitoring_with_notifications ERROR [  4%]
tests/integration/test_monitoring_integration.py::TestMonitoringIntegrationLevel3::test_full_monitoring_system ERROR [  5%]
tests/integration/test_plugin_integration.py::test_plugin_lifecycle FAILED [  6%]
tests/integration/test_plugin_integration.py::test_plugin_permissions FAILED [  7%]
tests/integration/test_plugin_integration.py::test_plugin_configuration FAILED [  8%]
tests/integration/test_plugin_integration.py::test_plugin_error_handling FAILED [  9%]
tests/integration/test_plugin_integration.py::test_plugin_data_processing FAILED [ 10%]
tests/integration/test_plugin_integration.py::test_plugin_dependencies FAILED [ 11%]
tests/integration/test_plugin_integration.py::test_plugin_events FAILED  [ 12%]
tests/integration/test_plugin_manager_integration.py::TestPluginManagerIntegration::test_full_plugin_lifecycle ERROR [ 13%]
tests/integration/test_plugin_manager_integration.py::TestPluginManagerIntegration::test_plugin_dependency_resolution ERROR [ 14%]
tests/integration/test_plugin_manager_integration.py::TestPluginManagerIntegration::test_async_data_processing ERROR [ 15%]
tests/integration/test_plugin_manager_integration.py::TestPluginManagerIntegration::test_plugin_error_recovery ERROR [ 16%]
tests/integration/test_plugin_system_integration.py::TestPluginSystemIntegrationLevel1::test_basic_plugin_operations ERROR [ 17%]
tests/integration/test_plugin_system_integration.py::TestPluginSystemIntegrationLevel2::test_plugin_with_permissions ERROR [ 18%]
tests/integration/test_plugin_system_integration.py::TestPluginSystemIntegrationLevel3::test_plugin_with_dependencies ERROR [ 19%]
tests/integration/test_workflow.py::test_file_open_workflow FAILED       [ 20%]
tests/integration/test_workflow.py::test_data_processing_workflow FAILED [ 21%]
tests/integration/test_workflow.py::test_save_workflow FAILED            [ 22%]
tests/performance/test_monitoring_performance.py::TestMonitoringPerformance::test_health_check_performance FAILED [ 23%]
tests/performance/test_performance.py::test_large_file_processing_performance PASSED [ 24%]
tests/performance/test_performance.py::test_data_processing_benchmark FAILED [ 25%]
tests/unit/excel/test_excel_operations.py::TestExcelOperations::test_data_processing FAILED [ 25%]
tests/unit/excel/test_excel_operations.py::TestExcelOperations::test_load_excel PASSED [ 26%]
tests/unit/excel/test_excel_operations.py::TestExcelOperations::test_save_excel PASSED [ 27%]
tests/unit/excel/test_excel_operations.py::TestPandasModel::test_columnCount PASSED [ 28%]
tests/unit/excel/test_excel_operations.py::TestPandasModel::test_data PASSED [ 29%]
tests/unit/excel/test_excel_operations.py::TestPandasModel::test_rowCount PASSED [ 30%]
tests/unit/excel/test_excel_operations.py::TestPandasModel::test_setData PASSED [ 31%]
tests/unit/monitoring/test_dependency_monitoring.py::TestVersionMonitoring::test_version_check[version_data0-up_to_date] PASSED [ 32%]
tests/unit/monitoring/test_dependency_monitoring.py::TestVersionMonitoring::test_version_check[version_data1-outdated] PASSED [ 33%]
tests/unit/monitoring/test_dependency_monitoring.py::TestVersionMonitoring::test_version_check[version_data2-error] PASSED [ 34%]
tests/unit/monitoring/test_dependency_monitoring.py::TestSecurityMonitoring::test_security_scan[vulnerability_data0] PASSED [ 35%]
tests/unit/monitoring/test_dependency_monitoring.py::TestSecurityMonitoring::test_security_scan[vulnerability_data1] PASSED [ 36%]
tests/unit/monitoring/test_dependency_monitoring.py::TestSecurityMonitoring::test_security_scan[vulnerability_data2] PASSED [ 37%]
tests/unit/monitoring/test_dependency_monitoring.py::TestCompatibilityChecking::test_compatibility_check[compatibility_data0-True] PASSED [ 38%]
tests/unit/monitoring/test_dependency_monitoring.py::TestCompatibilityChecking::test_compatibility_check[compatibility_data1-False] PASSED [ 39%]
tests/unit/monitoring/test_dependency_monitoring.py::TestCompatibilityChecking::test_compatibility_check[compatibility_data2-None] PASSED [ 40%]
tests/unit/monitoring/test_dependency_monitoring.py::TestNotificationChannels::test_email_notification PASSED [ 41%]
tests/unit/monitoring/test_dependency_monitoring.py::TestNotificationChannels::test_slack_notification PASSED [ 42%]
tests/unit/monitoring/test_dependency_monitoring.py::TestIntegratedMonitoring::test_monitoring_workflow PASSED [ 43%]
tests/unit/monitoring/test_dependency_monitoring.py::TestIntegratedMonitoring::test_async_monitoring PASSED [ 44%]
tests/unit/monitoring/test_health_checker.py::TestHealthChecker::test_register_plugin ERROR [ 45%]
tests/unit/monitoring/test_health_checker.py::TestHealthChecker::test_check_health ERROR [ 46%]
tests/unit/monitoring/test_health_checker.py::TestHealthChecker::test_remove_plugin ERROR [ 47%]
tests/unit/monitoring/test_notification_manager.py::TestNotificationManager::test_add_channel ERROR [ 48%]
tests/unit/monitoring/test_notification_manager.py::TestNotificationManager::test_send_notification ERROR [ 49%]
tests/unit/monitoring/test_notification_manager.py::TestNotificationManager::test_remove_channel ERROR [ 50%]
tests/unit/plugin/test_dependency_downloader.py::TestDependencyDownloader::test_download_package FAILED [ 50%]
tests/unit/plugin/test_dependency_downloader.py::TestDependencyDownloader::test_validate_package_spec FAILED [ 51%]
tests/unit/plugin/test_dependency_downloader.py::TestDependencyDownloader::test_cleanup_downloaded FAILED [ 52%]
tests/unit/plugin/test_plugin_core_system.py::TestPluginSystemCore::test_plugin_loading FAILED [ 53%]
tests/unit/plugin/test_plugin_core_system.py::TestPluginSystemCore::test_plugin_activation FAILED [ 54%]
tests/unit/plugin/test_plugin_core_system.py::TestPluginSystemCore::test_plugin_deactivation FAILED [ 55%]
tests/unit/plugin/test_plugin_core_system.py::TestPluginSystemOperations::test_plugin_start_stop FAILED [ 56%]
tests/unit/plugin/test_plugin_core_system.py::TestPluginSystemOperations::test_plugin_reload FAILED [ 57%]
tests/unit/plugin/test_plugin_core_system.py::TestPluginSystemPermissions::test_permission_management FAILED [ 58%]
tests/unit/plugin/test_plugin_core_system.py::TestPluginSystemPermissions::test_permission_validation[PluginPermission.FILE_READ] FAILED [ 59%]
tests/unit/plugin/test_plugin_core_system.py::TestPluginSystemPermissions::test_permission_validation[PluginPermission.DATA_READ] FAILED [ 60%]
tests/unit/plugin/test_plugin_core_system.py::TestPluginSystemPermissions::test_permission_validation[PluginPermission.UI_MODIFY] FAILED [ 61%]
tests/unit/plugin/test_plugin_core_system.py::TestPluginSystemErrorHandling::test_invalid_plugin_operations FAILED [ 62%]
tests/unit/plugin/test_plugin_core_system.py::TestPluginSystemErrorHandling::test_plugin_error_recovery FAILED [ 63%]
tests/unit/plugin/test_plugin_core_system.py::TestPluginSystemIntegration::test_plugin_lifecycle FAILED [ 64%]
tests/unit/plugin/test_plugin_dependency_manager.py::TestDependencyManagerBasic::test_add_dependency PASSED [ 65%]
tests/unit/plugin/test_plugin_dependency_manager.py::TestDependencyManagerBasic::test_remove_dependency PASSED [ 66%]
tests/unit/plugin/test_plugin_dependency_manager.py::TestDependencyManagerBasic::test_get_dependency_status PASSED [ 67%]
tests/unit/plugin/test_plugin_dependency_manager.py::TestDependencyManagerAdvanced::test_preload_dependencies FAILED [ 68%]
tests/unit/plugin/test_plugin_dependency_manager.py::TestDependencyManagerAdvanced::test_dependency_verification FAILED [ 69%]
tests/unit/plugin/test_plugin_dependency_manager.py::TestDependencyManagerAdvanced::test_dependency_version_check PASSED [ 70%]
tests/unit/plugin/test_plugin_dependency_manager.py::TestDependencyManagerAdvanced::test_rollback_dependencies PASSED [ 71%]
tests/unit/plugin/test_plugin_dependency_manager.py::TestDependencyManagerAdvanced::test_circular_dependency_detection FAILED [ 72%]
tests/unit/plugin/test_plugin_dependency_manager.py::TestDependencyManagerAdvanced::test_optional_dependencies FAILED [ 73%]
tests/unit/plugin/test_plugin_manager.py::TestPluginManagerWindow::test_window_initialization FAILED [ 74%]
tests/unit/plugin/test_plugin_manager.py::TestPluginManagerWindow::test_plugin_list_display FAILED [ 75%]
tests/unit/plugin/test_plugin_manager.py::TestPluginManagerWindow::test_plugin_operations FAILED [ 75%]
tests/unit/plugin/test_plugin_manager.py::TestPluginManagerWindow::test_plugin_settings FAILED [ 76%]
tests/unit/plugin/test_plugin_manager.py::TestPluginManagerWindow::test_error_handling FAILED [ 77%]
tests/unit/plugin/test_plugin_manager.py::TestPluginManagerWindow::test_plugin_info_display FAILED [ 78%]
tests/unit/test_excel_processor.py::test_excel_file_loading PASSED       [ 79%]
tests/unit/test_excel_processor.py::test_excel_file_saving PASSED        [ 80%]
tests/unit/test_excel_processor.py::test_invalid_file PASSED             [ 81%]
tests/unit/test_excel_processor.py::test_sheet_operations PASSED         [ 82%]
tests/unit/test_main_window.py::test_main_window_init FAILED             [ 83%]
tests/unit/test_main_window.py::test_file_menu_actions FAILED            [ 84%]
tests/unit/test_main_window.py::test_table_view FAILED                   [ 85%]
tests/unit/test_main_window.py::test_keyboard_input[16777223-] FAILED    [ 86%]
tests/unit/test_main_window.py::test_keyboard_input[65-A] FAILED         [ 87%]
tests/unit/test_main_window.py::test_keyboard_input[49-1] FAILED         [ 88%]
tests/unit/test_response.py::test_response_initialization ERROR          [ 89%]
tests/unit/test_response.py::test_response_to_markdown ERROR             [ 90%]
tests/unit/test_response.py::test_invalid_response FAILED                [ 91%]
tests/unit/test_response.py::test_response_formatting FAILED             [ 92%]
tests/unit/test_response.py::test_response_with_empty_content FAILED     [ 93%]
tests/unit/test_response.py::test_response_with_special_characters FAILED [ 94%]
tests/unit/test_response.py::test_response_different_formats[markdown] FAILED [ 95%]
tests/unit/test_response.py::test_response_different_formats[code] FAILED [ 96%]
tests/unit/test_response.py::test_response_different_formats[text] FAILED [ 97%]
tests/unit/test_response.py::test_response_different_formats[None] FAILED [ 98%]
tests/unit/test_utils.py::test_format_markdown PASSED                    [ 99%]
tests/unit/test_utils.py::test_clean_text PASSED                         [100%]